<?xml version="1.0" encoding="UTF-8"?>
<!-- Generated by org.testng.reporters.JUnitReportReporter -->
<testsuite ignored="0" hostname="DESKTOP-7V35OT3" failures="0" tests="1" name="JenkinsGitMaven.JenkinsGitMavenTest.TestScript" time="10.858" errors="0" timestamp="17 Sep 2018 05:14:25 GMT" skipped="0">
  <testcase classname="JenkinsGitMaven.JenkinsGitMavenTest.TestScript" name="test" time="10.858"/>
</testsuite> <!-- JenkinsGitMaven.JenkinsGitMavenTest.TestScript -->
